  audio.c
  main.c
  menu.c
  player.c
C:\Users\nzeut\Documents\BubbleGame\CSFML\expl CSFML\main.c(27,5): warning C4013: 'flood_fill' undefined; assuming extern returning int
C:\Users\nzeut\Documents\BubbleGame\CSFML\expl CSFML\main.c(51,88): warning C4244: 'function': conversion from 'int' to 'float', possible loss of data
C:\Users\nzeut\Documents\BubbleGame\CSFML\expl CSFML\main.c(73,32): warning C4244: '=': conversion from 'double' to 'float', possible loss of data
C:\Users\nzeut\Documents\BubbleGame\CSFML\expl CSFML\main.c(232,67): warning C4305: 'initializing': truncation from 'double' to 'float'
C:\Users\nzeut\Documents\BubbleGame\CSFML\expl CSFML\main.c(239,67): warning C4305: 'initializing': truncation from 'double' to 'float'
C:\Users\nzeut\Documents\BubbleGame\CSFML\expl CSFML\player.c(185,60): warning C4244: '+=': conversion from 'double' to 'float', possible loss of data
C:\Users\nzeut\Documents\BubbleGame\CSFML\expl CSFML\player.c(186,60): warning C4244: '+=': conversion from 'double' to 'float', possible loss of data
C:\Users\nzeut\Documents\BubbleGame\CSFML\expl CSFML\player.c(192,29): warning C4244: '=': conversion from 'double' to 'float', possible loss of data
C:\Users\nzeut\Documents\BubbleGame\CSFML\expl CSFML\player.c(203,29): warning C4244: '=': conversion from 'double' to 'float', possible loss of data
C:\Users\nzeut\Documents\BubbleGame\CSFML\expl CSFML\player.c(190,24): warning C4244: 'initializing': conversion from 'double' to 'float', possible loss of data
C:\Users\nzeut\Documents\BubbleGame\CSFML\expl CSFML\player.c(191,24): warning C4244: 'initializing': conversion from 'double' to 'float', possible loss of data
C:\Users\nzeut\Documents\BubbleGame\CSFML\expl CSFML\player.c(201,24): warning C4244: 'initializing': conversion from 'double' to 'float', possible loss of data
C:\Users\nzeut\Documents\BubbleGame\CSFML\expl CSFML\player.c(202,24): warning C4244: 'initializing': conversion from 'double' to 'float', possible loss of data
C:\Users\nzeut\Documents\BubbleGame\CSFML\expl CSFML\player.c(221,16): warning C4244: 'initializing': conversion from 'double' to 'float', possible loss of data
C:\Users\nzeut\Documents\BubbleGame\CSFML\expl CSFML\player.c(221,33): warning C4244: 'initializing': conversion from 'double' to 'float', possible loss of data
  Generating Code...
  expl CSFML.vcxproj -> C:\Users\nzeut\Documents\BubbleGame\CSFML\x64\Debug-x64\expl CSFML.exe
